Arguments: 
  /usr/local/Cellar/node/16.8.0/bin/node /usr/local/bin/yarn

PATH: 
  /usr/local/opt/icu4c/sbin:/usr/local/opt/icu4c/bin:/Library/Frameworks/Python.framework/Versions/3.9/bin:/usr/local/bin:/usr/bin:/bin:/usr/sbin:/sbin:/usr/local/share/dotnet:~/.dotnet/tools:/Library/Apple/usr/bin:/Library/Frameworks/Mono.framework/Versions/Current/Commands:/usr/local/opt/icu4c/sbin:/usr/local/opt/icu4c/bin:/Library/Frameworks/Python.framework/Versions/3.9/bin:/Users/marekbartczak/.cargo/bin:/Users/marekbartczak/Developer/flutter/bin:/Users/marekbartczak/Projects/Simple/photoResizer:/Users/marekbartczak/Programming/C++/_Codes/gitClone:/Users/marekbartczak/Projects/autoElectron/bin:/usr/local/Cellar/node/14.14.0/bin:/Users/marekbartczak/Projects/Simple/mongoDbManager:/Users/marekbartczak/Projects/Simple/autoGit:/Users/marekbartczak/Projects/Simple/buildelectronall:/Users/marekbartczak/Developer/flutter/bin:/Users/marekbartczak/Projects/Simple/photoResizer:/Users/marekbartczak/Programming/C++/_Codes/gitClone:/Users/marekbartczak/Projects/autoElectron/bin:/usr/local/Cellar/node/14.14.0/bin:/Users/marekbartczak/Projects/Simple/mongoDbManager:/Users/marekbartczak/Projects/Simple/autoGit:/Users/marekbartczak/Projects/Simple/buildelectronall

Yarn version: 
  1.22.11

Node version: 
  16.8.0

Platform: 
  darwin x64

Trace: 
  Error: https://registry.yarnpkg.com/@testing-library%2fn: Not found
      at Request.params.callback [as _callback] (/usr/local/lib/node_modules/yarn/lib/cli.js:66992:18)
      at Request.self.callback (/usr/local/lib/node_modules/yarn/lib/cli.js:140763:22)
      at Request.emit (node:events:394:28)
      at Request.<anonymous> (/usr/local/lib/node_modules/yarn/lib/cli.js:141735:10)
      at Request.emit (node:events:394:28)
      at IncomingMessage.<anonymous> (/usr/local/lib/node_modules/yarn/lib/cli.js:141657:12)
      at Object.onceWrapper (node:events:513:28)
      at IncomingMessage.emit (node:events:406:35)
      at endReadableNT (node:internal/streams/readable:1343:12)
      at processTicksAndRejections (node:internal/process/task_queues:83:21)

npm manifest: 
  {
    "main": "node_modules/expo/AppEntry.js",
    "scripts": {
      "start": "expo start",
      "android": "expo start --android",
      "ios": "expo start --ios",
      "web": "expo start --web",
      "eject": "expo eject",
      "test": "node_modules/.bin/jest",
      "test:debug": "node --inspect-brk node_modules/jest/bin/jest.js --runInBand"
    },
    "jest": {
      "preset": "jest-expo"
    },
    "dependencies": {
      "@expo/vector-icons": "^12.0.0",
      "@react-native-community/datetimepicker": "3.2.0",
      "@react-native-community/masked-view": "0.1.10",
      "@react-navigation/drawer": "^5.12.5",
      "@react-navigation/native": "^5.9.4",
      "@react-navigation/stack": "^5.14.5",
      "@testing-library/n": "^12.0.0",
      "@testing-library/react-native": "^7.2.0",
      "axios": "^0.21.1",
      "emailjs-com": "^3.2.0",
      "enzyme": "^3.11.0",
      "enzyme-adapter-react-16": "^1.15.6",
      "expo": "~41.0.1",
      "expo-facebook": "~11.0.5",
      "expo-file-system": "~11.0.2",
      "expo-google-app-auth": "^8.2.2",
      "expo-linear-gradient": "~9.1.0",
      "expo-print": "~10.1.0",
      "expo-secure-store": "~10.1.0",
      "expo-sharing": "~9.1.2",
      "expo-status-bar": "~1.0.4",
      "firebase": "8.2.3",
      "jest-dom": "^4.0.0",
      "react": "16.13.1",
      "react-dom": "16.13.1",
      "react-native": "https://github.com/expo/react-native/archive/sdk-41.0.0.tar.gz",
      "react-native-appearance": "~0.3.3",
      "react-native-axios": "^0.17.1",
      "react-native-chart-kit": "^6.11.0",
      "react-native-clean-project": "^3.6.5",
      "react-native-confirm-dialog": "^0.1.0",
      "react-native-dark-mode": "^0.2.2",
      "react-native-date-picker": "^3.3.1",
      "react-native-dropdown-autocomplete": "^1.0.18",
      "react-native-fbsdk": "^3.0.0",
      "react-native-gesture-handler": "~1.10.2",
      "react-native-google-signin": "^2.1.1",
      "react-native-html-to-pdf": "^0.10.0",
      "react-native-linear-gradient": "^2.5.6",
      "react-native-localize": "^2.1.1",
      "react-native-pdf-lib": "^1.0.0",
      "react-native-reanimated": "~2.1.0",
      "react-native-render-html": "^5.1.1",
      "react-native-safe-area-context": "3.2.0",
      "react-native-screens": "~3.0.0",
      "react-native-svg": "12.1.0",
      "react-native-uuid": "^2.0.1",
      "react-native-web": "~0.13.12",
      "react-redux": "^7.2.4",
      "redux": "^4.1.0",
      "xlsx": "^0.17.0",
      "expo-clipboard": "~1.0.2"
    },
    "devDependencies": {
      "@babel/core": "^7.9.0",
      "@testing-library/jest-native": "^4.0.1",
      "jest-expo": "^41.0.0"
    },
    "private": true
  }

yarn manifest: 
  No manifest

Lockfile: 
  No lockfile
